[Thu Apr 01 14:46:59.922737 2021] [mpm_event:notice] [pid 4096:tid 140709739367488] AH00489: Apache/2.4.41 (Ubuntu) configured -- resuming normal operations
[Thu Apr 01 14:46:59.922873 2021] [core:notice] [pid 4096:tid 140709739367488] AH00094: Command line: '/usr/sbin/apache2'
[Thu Apr 01 14:50:38.920245 2021] [mpm_event:notice] [pid 4096:tid 140709739367488] AH00491: caught SIGTERM, shutting down
[Thu Apr 01 14:50:48.007309 2021] [mpm_event:notice] [pid 6946:tid 140122242108480] AH00489: Apache/2.4.41 (Ubuntu) configured -- resuming normal operations
[Thu Apr 01 14:50:48.007418 2021] [core:notice] [pid 6946:tid 140122242108480] AH00094: Command line: '/usr/sbin/apache2'
[Thu Apr 01 14:51:06.207311 2021] [mpm_event:notice] [pid 6946:tid 140122242108480] AH00491: caught SIGTERM, shutting down
[Thu Apr 01 14:51:12.161415 2021] [mpm_event:notice] [pid 7021:tid 140348084530240] AH00489: Apache/2.4.41 (Ubuntu) configured -- resuming normal operations
[Thu Apr 01 14:51:12.161491 2021] [core:notice] [pid 7021:tid 140348084530240] AH00094: Command line: '/usr/sbin/apache2'
[Thu Apr 01 15:08:59.220909 2021] [mpm_event:notice] [pid 7021:tid 140348084530240] AH00493: SIGUSR1 received.  Doing graceful restart
AH00558: apache2: Could not reliably determine the server's fully qualified domain name, using 127.0.1.1. Set the 'ServerName' directive globally to suppress this message
[Thu Apr 01 15:08:59.224695 2021] [mpm_event:notice] [pid 7021:tid 140348084530240] AH00489: Apache/2.4.41 (Ubuntu) configured -- resuming normal operations
[Thu Apr 01 15:08:59.224702 2021] [core:notice] [pid 7021:tid 140348084530240] AH00094: Command line: '/usr/sbin/apache2'
[Thu Apr 01 15:09:18.836015 2021] [mpm_event:notice] [pid 7021:tid 140348084530240] AH00491: caught SIGTERM, shutting down
[Thu Apr 01 15:09:18.889365 2021] [mpm_prefork:notice] [pid 22027] AH00163: Apache/2.4.41 (Ubuntu) configured -- resuming normal operations
[Thu Apr 01 15:09:18.889496 2021] [core:notice] [pid 22027] AH00094: Command line: '/usr/sbin/apache2'
[Thu Apr 01 15:09:19.425376 2021] [mpm_prefork:notice] [pid 22027] AH00169: caught SIGTERM, shutting down
[Thu Apr 01 15:09:19.506616 2021] [mpm_prefork:notice] [pid 22092] AH00163: Apache/2.4.41 (Ubuntu) configured -- resuming normal operations
[Thu Apr 01 15:09:19.506675 2021] [core:notice] [pid 22092] AH00094: Command line: '/usr/sbin/apache2'
[Thu Apr 01 15:09:24.700936 2021] [mpm_prefork:notice] [pid 22092] AH00171: Graceful restart requested, doing restart
AH00558: apache2: Could not reliably determine the server's fully qualified domain name, using 127.0.1.1. Set the 'ServerName' directive globally to suppress this message
[Thu Apr 01 15:09:24.729873 2021] [mpm_prefork:notice] [pid 22092] AH00163: Apache/2.4.41 (Ubuntu) configured -- resuming normal operations
[Thu Apr 01 15:09:24.729887 2021] [core:notice] [pid 22092] AH00094: Command line: '/usr/sbin/apache2'
[Thu Apr 01 15:09:25.441376 2021] [mpm_prefork:notice] [pid 22092] AH00171: Graceful restart requested, doing restart
AH00558: apache2: Could not reliably determine the server's fully qualified domain name, using 127.0.1.1. Set the 'ServerName' directive globally to suppress this message
[Thu Apr 01 15:09:25.467338 2021] [mpm_prefork:notice] [pid 22092] AH00163: Apache/2.4.41 (Ubuntu) configured -- resuming normal operations
[Thu Apr 01 15:09:25.467351 2021] [core:notice] [pid 22092] AH00094: Command line: '/usr/sbin/apache2'
[Thu Apr 01 15:10:45.117855 2021] [mpm_prefork:notice] [pid 22092] AH00169: caught SIGTERM, shutting down
[Thu Apr 01 15:10:45.203650 2021] [mpm_prefork:notice] [pid 24587] AH00163: Apache/2.4.41 (Ubuntu) configured -- resuming normal operations
[Thu Apr 01 15:10:45.203709 2021] [core:notice] [pid 24587] AH00094: Command line: '/usr/sbin/apache2'
[Thu Apr 01 15:45:30.818863 2021] [mpm_prefork:notice] [pid 24587] AH00169: caught SIGTERM, shutting down
[Thu Apr 01 23:17:59.310774 2021] [mpm_prefork:notice] [pid 1006] AH00163: Apache/2.4.41 (Ubuntu) configured -- resuming normal operations
[Thu Apr 01 23:17:59.310968 2021] [core:notice] [pid 1006] AH00094: Command line: '/usr/sbin/apache2'
[Thu Apr 01 17:28:53.796240 2021] [mpm_prefork:notice] [pid 1006] AH00169: caught SIGTERM, shutting down
[Fri Apr 02 08:16:59.860618 2021] [mpm_prefork:notice] [pid 1009] AH00163: Apache/2.4.41 (Ubuntu) configured -- resuming normal operations
[Fri Apr 02 08:16:59.860760 2021] [core:notice] [pid 1009] AH00094: Command line: '/usr/sbin/apache2'
[Fri Apr 02 09:40:53.155991 2021] [mpm_prefork:notice] [pid 1009] AH00169: caught SIGTERM, shutting down
[Fri Apr 02 10:45:15.091079 2021] [mpm_prefork:notice] [pid 989] AH00163: Apache/2.4.41 (Ubuntu) configured -- resuming normal operations
[Fri Apr 02 10:45:15.091233 2021] [core:notice] [pid 989] AH00094: Command line: '/usr/sbin/apache2'
[Fri Apr 02 12:24:13.900298 2021] [mpm_prefork:notice] [pid 989] AH00169: caught SIGTERM, shutting down
[Fri Apr 02 13:36:10.006924 2021] [mpm_prefork:notice] [pid 951] AH00163: Apache/2.4.41 (Ubuntu) configured -- resuming normal operations
[Fri Apr 02 13:36:10.007148 2021] [core:notice] [pid 951] AH00094: Command line: '/usr/sbin/apache2'
[Fri Apr 02 13:46:21.566034 2021] [php7:notice] [pid 993] [client ::1:58726] PHP Notice:  Undefined index:  in /var/www/html/test/index.php on line 17, referer: http://localhost/
[Fri Apr 02 14:41:03.585937 2021] [php7:notice] [pid 995] [client ::1:54186] PHP Notice:  Undefined variable: GET in /var/www/html/Module2/Lesson 1/FormLoginBasic/index.php on line 13, referer: http://localhost/Module2/Lesson%201/FormLoginBasic/
[Fri Apr 02 14:41:03.586006 2021] [php7:notice] [pid 995] [client ::1:54186] PHP Notice:  Trying to access array offset on value of type null in /var/www/html/Module2/Lesson 1/FormLoginBasic/index.php on line 13, referer: http://localhost/Module2/Lesson%201/FormLoginBasic/
[Fri Apr 02 14:41:03.958101 2021] [php7:notice] [pid 995] [client ::1:54186] PHP Notice:  Undefined variable: GET in /var/www/html/Module2/Lesson 1/FormLoginBasic/index.php on line 13, referer: http://localhost/Module2/Lesson%201/FormLoginBasic/
[Fri Apr 02 14:41:03.958139 2021] [php7:notice] [pid 995] [client ::1:54186] PHP Notice:  Trying to access array offset on value of type null in /var/www/html/Module2/Lesson 1/FormLoginBasic/index.php on line 13, referer: http://localhost/Module2/Lesson%201/FormLoginBasic/
[Fri Apr 02 14:41:05.846862 2021] [php7:notice] [pid 995] [client ::1:54186] PHP Notice:  Undefined variable: GET in /var/www/html/Module2/Lesson 1/FormLoginBasic/index.php on line 13, referer: http://localhost/Module2/Lesson%201/FormLoginBasic/?username=12&password=21
[Fri Apr 02 14:41:05.846924 2021] [php7:notice] [pid 995] [client ::1:54186] PHP Notice:  Trying to access array offset on value of type null in /var/www/html/Module2/Lesson 1/FormLoginBasic/index.php on line 13, referer: http://localhost/Module2/Lesson%201/FormLoginBasic/?username=12&password=21
[Fri Apr 02 14:41:09.119043 2021] [php7:notice] [pid 995] [client ::1:54186] PHP Notice:  Undefined variable: GET in /var/www/html/Module2/Lesson 1/FormLoginBasic/index.php on line 13, referer: http://localhost/Module2/Lesson%201/FormLoginBasic/?username=132&password=231
[Fri Apr 02 14:41:09.119101 2021] [php7:notice] [pid 995] [client ::1:54186] PHP Notice:  Trying to access array offset on value of type null in /var/www/html/Module2/Lesson 1/FormLoginBasic/index.php on line 13, referer: http://localhost/Module2/Lesson%201/FormLoginBasic/?username=132&password=231
[Fri Apr 02 15:18:30.236114 2021] [php7:notice] [pid 987] [client ::1:55652] PHP Notice:  Undefined variable: _REQUEST_METHOD in /var/www/html/Module2/Lesson 1/BTAppReadNumber/index.php on line 15, referer: http://localhost/Module2/Lesson%201/BTAppReadNumber/
[Fri Apr 02 15:18:30.236182 2021] [php7:notice] [pid 987] [client ::1:55652] PHP Notice:  Undefined index:  in /var/www/html/Module2/Lesson 1/BTAppReadNumber/index.php on line 15, referer: http://localhost/Module2/Lesson%201/BTAppReadNumber/
[Fri Apr 02 15:18:32.395045 2021] [php7:notice] [pid 987] [client ::1:55652] PHP Notice:  Undefined variable: _REQUEST_METHOD in /var/www/html/Module2/Lesson 1/BTAppReadNumber/index.php on line 15, referer: http://localhost/Module2/Lesson%201/BTAppReadNumber/
[Fri Apr 02 15:18:32.395090 2021] [php7:notice] [pid 987] [client ::1:55652] PHP Notice:  Undefined index:  in /var/www/html/Module2/Lesson 1/BTAppReadNumber/index.php on line 15, referer: http://localhost/Module2/Lesson%201/BTAppReadNumber/
[Fri Apr 02 15:43:44.332801 2021] [php7:error] [pid 994] [client ::1:56270] PHP Parse error:  syntax error, unexpected end of file in /var/www/html/Module2/Lesson 1/BTAppReadNumber/index.php on line 77, referer: http://localhost/Module2/Lesson%201/BTAppReadNumber/
[Fri Apr 02 15:43:47.589474 2021] [php7:error] [pid 12963] [client ::1:56272] PHP Parse error:  syntax error, unexpected end of file in /var/www/html/Module2/Lesson 1/BTAppReadNumber/index.php on line 77, referer: http://localhost/Module2/Lesson%201/BTAppReadNumber/
[Fri Apr 02 15:44:05.818044 2021] [php7:error] [pid 12962] [client ::1:56278] PHP Parse error:  syntax error, unexpected end of file in /var/www/html/Module2/Lesson 1/BTAppReadNumber/index.php on line 77, referer: http://localhost/Module2/Lesson%201/
[Fri Apr 02 15:44:07.212711 2021] [php7:error] [pid 995] [client ::1:56280] PHP Parse error:  syntax error, unexpected end of file in /var/www/html/Module2/Lesson 1/BTAppReadNumber/index.php on line 77, referer: http://localhost/Module2/Lesson%201/
[Fri Apr 02 16:01:41.182075 2021] [php7:notice] [pid 993] [client ::1:56706] PHP Notice:  Undefined variable: result in /var/www/html/Module2/Lesson 1/BTAppReadNumber/index.php on line 93, referer: http://localhost/Module2/Lesson%201/
[Fri Apr 02 16:01:44.373564 2021] [php7:notice] [pid 993] [client ::1:56706] PHP Notice:  Undefined variable: result in /var/www/html/Module2/Lesson 1/BTAppReadNumber/index.php on line 93, referer: http://localhost/Module2/Lesson%201/BTAppReadNumber/
[Fri Apr 02 17:30:45.511538 2021] [mpm_prefork:notice] [pid 951] AH00169: caught SIGTERM, shutting down
[Fri Apr 02 23:04:05.728783 2021] [mpm_prefork:notice] [pid 988] AH00163: Apache/2.4.41 (Ubuntu) configured -- resuming normal operations
[Fri Apr 02 23:04:05.728936 2021] [core:notice] [pid 988] AH00094: Command line: '/usr/sbin/apache2'
[Fri Apr 02 23:04:32.697953 2021] [mpm_prefork:notice] [pid 988] AH00169: caught SIGTERM, shutting down
[Sat Apr 03 16:37:02.959044 2021] [mpm_prefork:notice] [pid 1012] AH00163: Apache/2.4.41 (Ubuntu) configured -- resuming normal operations
[Sat Apr 03 16:37:02.959400 2021] [core:notice] [pid 1012] AH00094: Command line: '/usr/sbin/apache2'
[Sat Apr 03 10:36:47.587831 2021] [mpm_prefork:notice] [pid 1012] AH00169: caught SIGTERM, shutting down
[Sat Apr 03 10:37:14.112964 2021] [mpm_prefork:notice] [pid 973] AH00163: Apache/2.4.41 (Ubuntu) configured -- resuming normal operations
[Sat Apr 03 10:37:14.113167 2021] [core:notice] [pid 973] AH00094: Command line: '/usr/sbin/apache2'
[Sat Apr 03 10:37:29.193279 2021] [mpm_prefork:notice] [pid 973] AH00169: caught SIGTERM, shutting down
[Sat Apr 03 12:10:03.337206 2021] [mpm_prefork:notice] [pid 959] AH00163: Apache/2.4.41 (Ubuntu) configured -- resuming normal operations
[Sat Apr 03 12:10:03.337394 2021] [core:notice] [pid 959] AH00094: Command line: '/usr/sbin/apache2'
[Sat Apr 03 12:10:59.307758 2021] [mpm_prefork:notice] [pid 959] AH00169: caught SIGTERM, shutting down
[Sat Apr 03 12:11:39.047744 2021] [mpm_prefork:notice] [pid 967] AH00163: Apache/2.4.41 (Ubuntu) configured -- resuming normal operations
[Sat Apr 03 12:11:39.047860 2021] [core:notice] [pid 967] AH00094: Command line: '/usr/sbin/apache2'
[Sat Apr 03 12:18:12.963684 2021] [php7:notice] [pid 977] [client ::1:39506] PHP Notice:  Undefined index: intersest in /var/www/html/Module2/Lesson 1/BTFutureValueCalculator/index.php on line 38, referer: http://localhost/Module2/Lesson%201/BTFutureValueCalculator/
[Sat Apr 03 12:18:38.567239 2021] [php7:notice] [pid 978] [client ::1:39508] PHP Notice:  Undefined index: intersest in /var/www/html/Module2/Lesson 1/BTFutureValueCalculator/index.php on line 38, referer: http://localhost/Module2/Lesson%201/BTFutureValueCalculator/
[Sat Apr 03 12:18:41.704947 2021] [php7:notice] [pid 978] [client ::1:39508] PHP Notice:  Undefined index: intersest in /var/www/html/Module2/Lesson 1/BTFutureValueCalculator/index.php on line 38, referer: http://localhost/Module2/Lesson%201/BTFutureValueCalculator/
[Sat Apr 03 12:19:00.409217 2021] [php7:notice] [pid 2655] [client ::1:39522] PHP Notice:  Undefined index: intersest in /var/www/html/Module2/Lesson 1/BTFutureValueCalculator/index.php on line 38, referer: http://localhost/Module2/Lesson%201/BTFutureValueCalculator/
[Sat Apr 03 12:19:02.367346 2021] [php7:notice] [pid 2655] [client ::1:39522] PHP Notice:  Undefined index: intersest in /var/www/html/Module2/Lesson 1/BTFutureValueCalculator/index.php on line 38, referer: http://localhost/Module2/Lesson%201/BTFutureValueCalculator/
[Sat Apr 03 12:19:04.601743 2021] [php7:notice] [pid 2655] [client ::1:39522] PHP Notice:  Undefined index: intersest in /var/www/html/Module2/Lesson 1/BTFutureValueCalculator/index.php on line 38, referer: http://localhost/Module2/Lesson%201/BTFutureValueCalculator/
[Sat Apr 03 12:19:04.601794 2021] [php7:warn] [pid 2655] [client ::1:39522] PHP Warning:  A non-numeric value encountered in /var/www/html/Module2/Lesson 1/BTFutureValueCalculator/index.php on line 39, referer: http://localhost/Module2/Lesson%201/BTFutureValueCalculator/
[Sat Apr 03 12:19:08.568072 2021] [php7:notice] [pid 2655] [client ::1:39522] PHP Notice:  Undefined index: intersest in /var/www/html/Module2/Lesson 1/BTFutureValueCalculator/index.php on line 38, referer: http://localhost/Module2/Lesson%201/BTFutureValueCalculator/
[Sat Apr 03 12:19:12.150949 2021] [php7:notice] [pid 2655] [client ::1:39522] PHP Notice:  Undefined index: intersest in /var/www/html/Module2/Lesson 1/BTFutureValueCalculator/index.php on line 38, referer: http://localhost/Module2/Lesson%201/BTFutureValueCalculator/
[Sat Apr 03 12:19:33.617130 2021] [mpm_prefork:notice] [pid 967] AH00169: caught SIGTERM, shutting down
[Sat Apr 03 13:33:26.089199 2021] [mpm_prefork:notice] [pid 974] AH00163: Apache/2.4.41 (Ubuntu) configured -- resuming normal operations
[Sat Apr 03 13:33:26.089346 2021] [core:notice] [pid 974] AH00094: Command line: '/usr/sbin/apache2'
[Sat Apr 03 13:35:08.246145 2021] [php7:notice] [pid 980] [client ::1:59044] PHP Notice:  Undefined index: intersest in /var/www/html/Module2/Lesson 1/BTFutureValueCalculator/index.php on line 38, referer: http://localhost/Module2/Lesson%201/BTFutureValueCalculator/
[Sat Apr 03 13:35:12.327044 2021] [php7:notice] [pid 980] [client ::1:59044] PHP Notice:  Undefined index: intersest in /var/www/html/Module2/Lesson 1/BTFutureValueCalculator/index.php on line 38, referer: http://localhost/Module2/Lesson%201/BTFutureValueCalculator/
[Sat Apr 03 13:37:20.876667 2021] [mpm_prefork:notice] [pid 974] AH00169: caught SIGTERM, shutting down
[Sat Apr 03 22:44:52.035158 2021] [mpm_prefork:notice] [pid 937] AH00163: Apache/2.4.41 (Ubuntu) configured -- resuming normal operations
[Sat Apr 03 22:44:52.035319 2021] [core:notice] [pid 937] AH00094: Command line: '/usr/sbin/apache2'
[Sat Apr 03 22:48:21.141496 2021] [php7:warn] [pid 1006] [client ::1:52646] PHP Warning:  A non-numeric value encountered in /var/www/html/Module2/Lesson 1/BTFutureValueCalculator/index.php on line 37, referer: http://localhost/Module2/Lesson%201/BTFutureValueCalculator/
[Sat Apr 03 22:48:21.141560 2021] [php7:warn] [pid 1006] [client ::1:52646] PHP Warning:  A non-numeric value encountered in /var/www/html/Module2/Lesson 1/BTFutureValueCalculator/index.php on line 38, referer: http://localhost/Module2/Lesson%201/BTFutureValueCalculator/
[Sat Apr 03 22:48:21.141576 2021] [php7:warn] [pid 1006] [client ::1:52646] PHP Warning:  A non-numeric value encountered in /var/www/html/Module2/Lesson 1/BTFutureValueCalculator/index.php on line 39, referer: http://localhost/Module2/Lesson%201/BTFutureValueCalculator/
[Sat Apr 03 22:48:22.306219 2021] [php7:warn] [pid 1006] [client ::1:52646] PHP Warning:  A non-numeric value encountered in /var/www/html/Module2/Lesson 1/BTFutureValueCalculator/index.php on line 37, referer: http://localhost/Module2/Lesson%201/BTFutureValueCalculator/
[Sat Apr 03 22:48:22.306260 2021] [php7:warn] [pid 1006] [client ::1:52646] PHP Warning:  A non-numeric value encountered in /var/www/html/Module2/Lesson 1/BTFutureValueCalculator/index.php on line 38, referer: http://localhost/Module2/Lesson%201/BTFutureValueCalculator/
[Sat Apr 03 22:48:22.306267 2021] [php7:warn] [pid 1006] [client ::1:52646] PHP Warning:  A non-numeric value encountered in /var/www/html/Module2/Lesson 1/BTFutureValueCalculator/index.php on line 39, referer: http://localhost/Module2/Lesson%201/BTFutureValueCalculator/
[Sat Apr 03 22:49:09.863415 2021] [mpm_prefork:notice] [pid 937] AH00169: caught SIGTERM, shutting down
[Sun Apr 04 16:15:24.945670 2021] [mpm_prefork:notice] [pid 986] AH00163: Apache/2.4.41 (Ubuntu) configured -- resuming normal operations
[Sun Apr 04 16:15:24.946011 2021] [core:notice] [pid 986] AH00094: Command line: '/usr/sbin/apache2'
[Sun Apr 04 09:21:12.404701 2021] [mpm_prefork:notice] [pid 986] AH00169: caught SIGTERM, shutting down
[Mon Apr 05 15:03:22.503687 2021] [mpm_prefork:notice] [pid 1054] AH00163: Apache/2.4.41 (Ubuntu) configured -- resuming normal operations
[Mon Apr 05 15:03:22.505494 2021] [core:notice] [pid 1054] AH00094: Command line: '/usr/sbin/apache2'
[Mon Apr 05 08:35:30.088755 2021] [php7:warn] [pid 1062] [client ::1:33894] PHP Warning:  include(vars.php): failed to open stream: No such file or directory in /var/www/html/Module2/lesson2/DemoInclude&&Require/index.php on line 10, referer: http://localhost/Module2/lesson2/
[Mon Apr 05 08:35:30.088787 2021] [php7:warn] [pid 1062] [client ::1:33894] PHP Warning:  include(): Failed opening 'vars.php' for inclusion (include_path='.:/usr/share/php') in /var/www/html/Module2/lesson2/DemoInclude&&Require/index.php on line 10, referer: http://localhost/Module2/lesson2/
[Mon Apr 05 08:35:30.088800 2021] [php7:notice] [pid 1062] [client ::1:33894] PHP Notice:  Undefined variable: color in /var/www/html/Module2/lesson2/DemoInclude&&Require/index.php on line 11, referer: http://localhost/Module2/lesson2/
[Mon Apr 05 08:35:30.088805 2021] [php7:notice] [pid 1062] [client ::1:33894] PHP Notice:  Undefined variable: car in /var/www/html/Module2/lesson2/DemoInclude&&Require/index.php on line 11, referer: http://localhost/Module2/lesson2/
[Mon Apr 05 08:38:25.151114 2021] [php7:warn] [pid 1065] [client ::1:33946] PHP Warning:  require(/var/www/html/Module2/lesson2/DemoInclude&amp;&amp;Require/noneExistFile.php): failed to open stream: No such file or directory in /var/www/html/Module2/lesson2/DemoInclude&&Require/index.php on line 17, referer: http://localhost/Module2/lesson2/
[Mon Apr 05 08:38:25.151184 2021] [php7:error] [pid 1065] [client ::1:33946] PHP Fatal error:  require(): Failed opening required 'noneExistFile.php' (include_path='.:/usr/share/php') in /var/www/html/Module2/lesson2/DemoInclude&&Require/index.php on line 17, referer: http://localhost/Module2/lesson2/
[Mon Apr 05 08:38:31.841779 2021] [php7:warn] [pid 1061] [client ::1:33948] PHP Warning:  include(/var/www/html/Module2/lesson2/DemoInclude&amp;&amp;Require/noneExistFile.php): failed to open stream: No such file or directory in /var/www/html/Module2/lesson2/DemoInclude&&Require/index.php on line 17, referer: http://localhost/Module2/lesson2/
[Mon Apr 05 08:38:31.841902 2021] [php7:warn] [pid 1061] [client ::1:33948] PHP Warning:  include(): Failed opening 'noneExistFile.php' for inclusion (include_path='.:/usr/share/php') in /var/www/html/Module2/lesson2/DemoInclude&&Require/index.php on line 17, referer: http://localhost/Module2/lesson2/
[Mon Apr 05 08:39:36.539889 2021] [php7:warn] [pid 1062] [client ::1:33978] PHP Warning:  require(noneExistFile.php): failed to open stream: No such file or directory in /var/www/html/Module2/lesson2/DemoInclude&&Require/index.php on line 17, referer: http://localhost/Module2/lesson2/
[Mon Apr 05 08:39:36.540006 2021] [php7:error] [pid 1062] [client ::1:33978] PHP Fatal error:  require(): Failed opening required 'noneExistFile.php' (include_path='.:/usr/share/php') in /var/www/html/Module2/lesson2/DemoInclude&&Require/index.php on line 17, referer: http://localhost/Module2/lesson2/
[Mon Apr 05 08:39:36.792757 2021] [php7:warn] [pid 1063] [client ::1:33980] PHP Warning:  require(noneExistFile.php): failed to open stream: No such file or directory in /var/www/html/Module2/lesson2/DemoInclude&&Require/index.php on line 17, referer: http://localhost/Module2/lesson2/
[Mon Apr 05 08:39:36.792823 2021] [php7:error] [pid 1063] [client ::1:33980] PHP Fatal error:  require(): Failed opening required 'noneExistFile.php' (include_path='.:/usr/share/php') in /var/www/html/Module2/lesson2/DemoInclude&&Require/index.php on line 17, referer: http://localhost/Module2/lesson2/
[Mon Apr 05 08:39:37.025012 2021] [php7:warn] [pid 1064] [client ::1:33982] PHP Warning:  require(noneExistFile.php): failed to open stream: No such file or directory in /var/www/html/Module2/lesson2/DemoInclude&&Require/index.php on line 17, referer: http://localhost/Module2/lesson2/
[Mon Apr 05 08:39:37.025078 2021] [php7:error] [pid 1064] [client ::1:33982] PHP Fatal error:  require(): Failed opening required 'noneExistFile.php' (include_path='.:/usr/share/php') in /var/www/html/Module2/lesson2/DemoInclude&&Require/index.php on line 17, referer: http://localhost/Module2/lesson2/
[Mon Apr 05 08:39:37.405848 2021] [php7:warn] [pid 1065] [client ::1:33984] PHP Warning:  require(noneExistFile.php): failed to open stream: No such file or directory in /var/www/html/Module2/lesson2/DemoInclude&&Require/index.php on line 17, referer: http://localhost/Module2/lesson2/
[Mon Apr 05 08:39:37.405902 2021] [php7:error] [pid 1065] [client ::1:33984] PHP Fatal error:  require(): Failed opening required 'noneExistFile.php' (include_path='.:/usr/share/php') in /var/www/html/Module2/lesson2/DemoInclude&&Require/index.php on line 17, referer: http://localhost/Module2/lesson2/
[Mon Apr 05 08:39:53.509743 2021] [php7:warn] [pid 1061] [client ::1:33986] PHP Warning:  include(noneExistFile.php): failed to open stream: No such file or directory in /var/www/html/Module2/lesson2/DemoInclude&&Require/index.php on line 17, referer: http://localhost/Module2/lesson2/
[Mon Apr 05 08:39:53.509772 2021] [php7:warn] [pid 1061] [client ::1:33986] PHP Warning:  include(): Failed opening 'noneExistFile.php' for inclusion (include_path='.:/usr/share/php') in /var/www/html/Module2/lesson2/DemoInclude&&Require/index.php on line 17, referer: http://localhost/Module2/lesson2/
[Mon Apr 05 08:39:55.577413 2021] [php7:warn] [pid 1061] [client ::1:33986] PHP Warning:  include(noneExistFile.php): failed to open stream: No such file or directory in /var/www/html/Module2/lesson2/DemoInclude&&Require/index.php on line 17, referer: http://localhost/Module2/lesson2/
[Mon Apr 05 08:39:55.577481 2021] [php7:warn] [pid 1061] [client ::1:33986] PHP Warning:  include(): Failed opening 'noneExistFile.php' for inclusion (include_path='.:/usr/share/php') in /var/www/html/Module2/lesson2/DemoInclude&&Require/index.php on line 17, referer: http://localhost/Module2/lesson2/
[Mon Apr 05 08:40:20.148651 2021] [php7:warn] [pid 5560] [client ::1:34084] PHP Warning:  require(noneExistFile.php): failed to open stream: No such file or directory in /var/www/html/Module2/lesson2/DemoInclude&&Require/index.php on line 17, referer: http://localhost/Module2/lesson2/
[Mon Apr 05 08:40:20.148681 2021] [php7:error] [pid 5560] [client ::1:34084] PHP Fatal error:  require(): Failed opening required 'noneExistFile.php' (include_path='.:/usr/share/php') in /var/www/html/Module2/lesson2/DemoInclude&&Require/index.php on line 17, referer: http://localhost/Module2/lesson2/
[Mon Apr 05 08:40:35.429503 2021] [php7:warn] [pid 1062] [client ::1:34312] PHP Warning:  include(noneExistFile.php): failed to open stream: No such file or directory in /var/www/html/Module2/lesson2/DemoInclude&&Require/index.php on line 17, referer: http://localhost/Module2/lesson2/
[Mon Apr 05 08:40:35.429556 2021] [php7:warn] [pid 1062] [client ::1:34312] PHP Warning:  include(): Failed opening 'noneExistFile.php' for inclusion (include_path='.:/usr/share/php') in /var/www/html/Module2/lesson2/DemoInclude&&Require/index.php on line 17, referer: http://localhost/Module2/lesson2/
[Mon Apr 05 08:50:25.454274 2021] [php7:notice] [pid 1064] [client ::1:39202] PHP Notice:  Undefined variable: customer_list in /var/www/html/Module2/lesson2/THCustomewList/index.php on line 22, referer: http://localhost/Module2/lesson2/
[Mon Apr 05 08:50:25.454328 2021] [php7:warn] [pid 1064] [client ::1:39202] PHP Warning:  count(): Parameter must be an array or an object that implements Countable in /var/www/html/Module2/lesson2/THCustomewList/index.php on line 56, referer: http://localhost/Module2/lesson2/
[Mon Apr 05 08:50:25.454346 2021] [php7:warn] [pid 1064] [client ::1:39202] PHP Warning:  Invalid argument supplied for foreach() in /var/www/html/Module2/lesson2/THCustomewList/index.php on line 62, referer: http://localhost/Module2/lesson2/
[Mon Apr 05 08:50:28.360928 2021] [php7:notice] [pid 1064] [client ::1:39202] PHP Notice:  Undefined variable: customer_list in /var/www/html/Module2/lesson2/THCustomewList/index.php on line 22, referer: http://localhost/Module2/lesson2/THCustomewList/
[Mon Apr 05 08:50:28.360992 2021] [php7:warn] [pid 1064] [client ::1:39202] PHP Warning:  Invalid argument supplied for foreach() in /var/www/html/Module2/lesson2/THCustomewList/index.php on line 7, referer: http://localhost/Module2/lesson2/THCustomewList/
[Mon Apr 05 08:50:28.979779 2021] [php7:notice] [pid 1064] [client ::1:39202] PHP Notice:  Undefined variable: customer_list in /var/www/html/Module2/lesson2/THCustomewList/index.php on line 22, referer: http://localhost/Module2/lesson2/THCustomewList/
[Mon Apr 05 08:50:28.979827 2021] [php7:warn] [pid 1064] [client ::1:39202] PHP Warning:  count(): Parameter must be an array or an object that implements Countable in /var/www/html/Module2/lesson2/THCustomewList/index.php on line 56, referer: http://localhost/Module2/lesson2/THCustomewList/
[Mon Apr 05 08:50:28.979846 2021] [php7:warn] [pid 1064] [client ::1:39202] PHP Warning:  Invalid argument supplied for foreach() in /var/www/html/Module2/lesson2/THCustomewList/index.php on line 62, referer: http://localhost/Module2/lesson2/THCustomewList/
[Mon Apr 05 08:50:55.423338 2021] [php7:notice] [pid 1065] [client ::1:39204] PHP Notice:  Undefined variable: customer_list in /var/www/html/Module2/lesson2/THCustomewList/index.php on line 22, referer: http://localhost/Module2/lesson2/THCustomewList/
[Mon Apr 05 08:50:55.423409 2021] [php7:warn] [pid 1065] [client ::1:39204] PHP Warning:  Invalid argument supplied for foreach() in /var/www/html/Module2/lesson2/THCustomewList/index.php on line 7, referer: http://localhost/Module2/lesson2/THCustomewList/
[Mon Apr 05 08:50:56.199040 2021] [php7:notice] [pid 1065] [client ::1:39204] PHP Notice:  Undefined variable: customer_list in /var/www/html/Module2/lesson2/THCustomewList/index.php on line 22, referer: http://localhost/Module2/lesson2/THCustomewList/
[Mon Apr 05 08:50:56.199067 2021] [php7:warn] [pid 1065] [client ::1:39204] PHP Warning:  count(): Parameter must be an array or an object that implements Countable in /var/www/html/Module2/lesson2/THCustomewList/index.php on line 56, referer: http://localhost/Module2/lesson2/THCustomewList/
[Mon Apr 05 08:50:56.199077 2021] [php7:warn] [pid 1065] [client ::1:39204] PHP Warning:  Invalid argument supplied for foreach() in /var/www/html/Module2/lesson2/THCustomewList/index.php on line 62, referer: http://localhost/Module2/lesson2/THCustomewList/
[Mon Apr 05 08:50:56.409773 2021] [php7:notice] [pid 1065] [client ::1:39204] PHP Notice:  Undefined variable: customer_list in /var/www/html/Module2/lesson2/THCustomewList/index.php on line 22, referer: http://localhost/Module2/lesson2/THCustomewList/
[Mon Apr 05 08:50:56.409861 2021] [php7:warn] [pid 1065] [client ::1:39204] PHP Warning:  count(): Parameter must be an array or an object that implements Countable in /var/www/html/Module2/lesson2/THCustomewList/index.php on line 56, referer: http://localhost/Module2/lesson2/THCustomewList/
[Mon Apr 05 08:50:56.409917 2021] [php7:warn] [pid 1065] [client ::1:39204] PHP Warning:  Invalid argument supplied for foreach() in /var/www/html/Module2/lesson2/THCustomewList/index.php on line 62, referer: http://localhost/Module2/lesson2/THCustomewList/
[Mon Apr 05 08:50:56.595286 2021] [php7:notice] [pid 1065] [client ::1:39204] PHP Notice:  Undefined variable: customer_list in /var/www/html/Module2/lesson2/THCustomewList/index.php on line 22, referer: http://localhost/Module2/lesson2/THCustomewList/
[Mon Apr 05 08:50:56.595305 2021] [php7:warn] [pid 1065] [client ::1:39204] PHP Warning:  count(): Parameter must be an array or an object that implements Countable in /var/www/html/Module2/lesson2/THCustomewList/index.php on line 56, referer: http://localhost/Module2/lesson2/THCustomewList/
[Mon Apr 05 08:50:56.595312 2021] [php7:warn] [pid 1065] [client ::1:39204] PHP Warning:  Invalid argument supplied for foreach() in /var/www/html/Module2/lesson2/THCustomewList/index.php on line 62, referer: http://localhost/Module2/lesson2/THCustomewList/
[Mon Apr 05 08:51:11.540707 2021] [php7:notice] [pid 1061] [client ::1:39482] PHP Notice:  Undefined variable: customer_list in /var/www/html/Module2/lesson2/THCustomewList/index.php on line 22, referer: http://localhost/Module2/lesson2/THCustomewList/
[Mon Apr 05 08:51:11.540761 2021] [php7:warn] [pid 1061] [client ::1:39482] PHP Warning:  count(): Parameter must be an array or an object that implements Countable in /var/www/html/Module2/lesson2/THCustomewList/index.php on line 56, referer: http://localhost/Module2/lesson2/THCustomewList/
[Mon Apr 05 08:51:11.540778 2021] [php7:warn] [pid 1061] [client ::1:39482] PHP Warning:  Invalid argument supplied for foreach() in /var/www/html/Module2/lesson2/THCustomewList/index.php on line 62, referer: http://localhost/Module2/lesson2/THCustomewList/
[Mon Apr 05 08:51:11.721694 2021] [php7:notice] [pid 1061] [client ::1:39482] PHP Notice:  Undefined variable: customer_list in /var/www/html/Module2/lesson2/THCustomewList/index.php on line 22, referer: http://localhost/Module2/lesson2/THCustomewList/
[Mon Apr 05 08:51:11.721721 2021] [php7:warn] [pid 1061] [client ::1:39482] PHP Warning:  count(): Parameter must be an array or an object that implements Countable in /var/www/html/Module2/lesson2/THCustomewList/index.php on line 56, referer: http://localhost/Module2/lesson2/THCustomewList/
[Mon Apr 05 08:51:11.721730 2021] [php7:warn] [pid 1061] [client ::1:39482] PHP Warning:  Invalid argument supplied for foreach() in /var/www/html/Module2/lesson2/THCustomewList/index.php on line 62, referer: http://localhost/Module2/lesson2/THCustomewList/
[Mon Apr 05 08:51:11.929289 2021] [php7:notice] [pid 1061] [client ::1:39482] PHP Notice:  Undefined variable: customer_list in /var/www/html/Module2/lesson2/THCustomewList/index.php on line 22, referer: http://localhost/Module2/lesson2/THCustomewList/
[Mon Apr 05 08:51:11.929330 2021] [php7:warn] [pid 1061] [client ::1:39482] PHP Warning:  count(): Parameter must be an array or an object that implements Countable in /var/www/html/Module2/lesson2/THCustomewList/index.php on line 56, referer: http://localhost/Module2/lesson2/THCustomewList/
[Mon Apr 05 08:51:11.929345 2021] [php7:warn] [pid 1061] [client ::1:39482] PHP Warning:  Invalid argument supplied for foreach() in /var/www/html/Module2/lesson2/THCustomewList/index.php on line 62, referer: http://localhost/Module2/lesson2/THCustomewList/
[Mon Apr 05 08:51:12.087527 2021] [php7:notice] [pid 1061] [client ::1:39482] PHP Notice:  Undefined variable: customer_list in /var/www/html/Module2/lesson2/THCustomewList/index.php on line 22, referer: http://localhost/Module2/lesson2/THCustomewList/
[Mon Apr 05 08:51:12.087548 2021] [php7:warn] [pid 1061] [client ::1:39482] PHP Warning:  count(): Parameter must be an array or an object that implements Countable in /var/www/html/Module2/lesson2/THCustomewList/index.php on line 56, referer: http://localhost/Module2/lesson2/THCustomewList/
[Mon Apr 05 08:51:12.087554 2021] [php7:warn] [pid 1061] [client ::1:39482] PHP Warning:  Invalid argument supplied for foreach() in /var/www/html/Module2/lesson2/THCustomewList/index.php on line 62, referer: http://localhost/Module2/lesson2/THCustomewList/
[Mon Apr 05 08:54:34.834016 2021] [php7:notice] [pid 1062] [client ::1:41284] PHP Notice:  Undefined index: profile in /var/www/html/Module2/lesson2/THCustomewList/index.php on line 70, referer: http://localhost/Module2/lesson2/THCustomewList/
[Mon Apr 05 08:54:34.834095 2021] [php7:notice] [pid 1062] [client ::1:41284] PHP Notice:  Undefined index: profile in /var/www/html/Module2/lesson2/THCustomewList/index.php on line 70, referer: http://localhost/Module2/lesson2/THCustomewList/
[Mon Apr 05 08:54:34.834131 2021] [php7:notice] [pid 1062] [client ::1:41284] PHP Notice:  Undefined index: profile in /var/www/html/Module2/lesson2/THCustomewList/index.php on line 70, referer: http://localhost/Module2/lesson2/THCustomewList/
[Mon Apr 05 08:54:34.834155 2021] [php7:notice] [pid 1062] [client ::1:41284] PHP Notice:  Undefined index: profile in /var/www/html/Module2/lesson2/THCustomewList/index.php on line 70, referer: http://localhost/Module2/lesson2/THCustomewList/
[Mon Apr 05 08:54:34.834179 2021] [php7:notice] [pid 1062] [client ::1:41284] PHP Notice:  Undefined index: profile in /var/www/html/Module2/lesson2/THCustomewList/index.php on line 70, referer: http://localhost/Module2/lesson2/THCustomewList/
[Mon Apr 05 08:54:39.717276 2021] [php7:notice] [pid 1062] [client ::1:41284] PHP Notice:  Undefined index: profile in /var/www/html/Module2/lesson2/THCustomewList/index.php on line 70, referer: http://localhost/Module2/lesson2/THCustomewList/
[Mon Apr 05 08:54:39.717334 2021] [php7:notice] [pid 1062] [client ::1:41284] PHP Notice:  Undefined index: profile in /var/www/html/Module2/lesson2/THCustomewList/index.php on line 70, referer: http://localhost/Module2/lesson2/THCustomewList/
[Mon Apr 05 08:54:39.717350 2021] [php7:notice] [pid 1062] [client ::1:41284] PHP Notice:  Undefined index: profile in /var/www/html/Module2/lesson2/THCustomewList/index.php on line 70, referer: http://localhost/Module2/lesson2/THCustomewList/
[Mon Apr 05 08:54:44.987466 2021] [php7:notice] [pid 1063] [client ::1:41286] PHP Notice:  Undefined index: profile in /var/www/html/Module2/lesson2/THCustomewList/index.php on line 70, referer: http://localhost/Module2/lesson2/THCustomewList/index.php
[Mon Apr 05 08:54:44.987522 2021] [php7:notice] [pid 1063] [client ::1:41286] PHP Notice:  Undefined index: profile in /var/www/html/Module2/lesson2/THCustomewList/index.php on line 70, referer: http://localhost/Module2/lesson2/THCustomewList/index.php
[Mon Apr 05 08:54:44.987539 2021] [php7:notice] [pid 1063] [client ::1:41286] PHP Notice:  Undefined index: profile in /var/www/html/Module2/lesson2/THCustomewList/index.php on line 70, referer: http://localhost/Module2/lesson2/THCustomewList/index.php
[Mon Apr 05 08:54:50.278896 2021] [php7:notice] [pid 1064] [client ::1:41368] PHP Notice:  Undefined index: profile in /var/www/html/Module2/lesson2/THCustomewList/index.php on line 70, referer: http://localhost/Module2/lesson2/THCustomewList/
[Mon Apr 05 08:54:50.278957 2021] [php7:notice] [pid 1064] [client ::1:41368] PHP Notice:  Undefined index: profile in /var/www/html/Module2/lesson2/THCustomewList/index.php on line 70, referer: http://localhost/Module2/lesson2/THCustomewList/
[Mon Apr 05 08:54:50.278985 2021] [php7:notice] [pid 1064] [client ::1:41368] PHP Notice:  Undefined index: profile in /var/www/html/Module2/lesson2/THCustomewList/index.php on line 70, referer: http://localhost/Module2/lesson2/THCustomewList/
[Mon Apr 05 08:54:50.279009 2021] [php7:notice] [pid 1064] [client ::1:41368] PHP Notice:  Undefined index: profile in /var/www/html/Module2/lesson2/THCustomewList/index.php on line 70, referer: http://localhost/Module2/lesson2/THCustomewList/
[Mon Apr 05 08:54:50.279033 2021] [php7:notice] [pid 1064] [client ::1:41368] PHP Notice:  Undefined index: profile in /var/www/html/Module2/lesson2/THCustomewList/index.php on line 70, referer: http://localhost/Module2/lesson2/THCustomewList/
[Mon Apr 05 08:54:50.737636 2021] [php7:notice] [pid 1064] [client ::1:41368] PHP Notice:  Undefined index: profile in /var/www/html/Module2/lesson2/THCustomewList/index.php on line 70, referer: http://localhost/Module2/lesson2/THCustomewList/
[Mon Apr 05 08:54:50.737680 2021] [php7:notice] [pid 1064] [client ::1:41368] PHP Notice:  Undefined index: profile in /var/www/html/Module2/lesson2/THCustomewList/index.php on line 70, referer: http://localhost/Module2/lesson2/THCustomewList/
[Mon Apr 05 08:54:50.737695 2021] [php7:notice] [pid 1064] [client ::1:41368] PHP Notice:  Undefined index: profile in /var/www/html/Module2/lesson2/THCustomewList/index.php on line 70, referer: http://localhost/Module2/lesson2/THCustomewList/
[Mon Apr 05 08:54:50.737708 2021] [php7:notice] [pid 1064] [client ::1:41368] PHP Notice:  Undefined index: profile in /var/www/html/Module2/lesson2/THCustomewList/index.php on line 70, referer: http://localhost/Module2/lesson2/THCustomewList/
[Mon Apr 05 08:54:50.737721 2021] [php7:notice] [pid 1064] [client ::1:41368] PHP Notice:  Undefined index: profile in /var/www/html/Module2/lesson2/THCustomewList/index.php on line 70, referer: http://localhost/Module2/lesson2/THCustomewList/
[Mon Apr 05 08:54:51.077677 2021] [php7:notice] [pid 1064] [client ::1:41368] PHP Notice:  Undefined index: profile in /var/www/html/Module2/lesson2/THCustomewList/index.php on line 70, referer: http://localhost/Module2/lesson2/THCustomewList/
[Mon Apr 05 08:54:51.077745 2021] [php7:notice] [pid 1064] [client ::1:41368] PHP Notice:  Undefined index: profile in /var/www/html/Module2/lesson2/THCustomewList/index.php on line 70, referer: http://localhost/Module2/lesson2/THCustomewList/
[Mon Apr 05 08:54:51.077769 2021] [php7:notice] [pid 1064] [client ::1:41368] PHP Notice:  Undefined index: profile in /var/www/html/Module2/lesson2/THCustomewList/index.php on line 70, referer: http://localhost/Module2/lesson2/THCustomewList/
[Mon Apr 05 08:54:51.077788 2021] [php7:notice] [pid 1064] [client ::1:41368] PHP Notice:  Undefined index: profile in /var/www/html/Module2/lesson2/THCustomewList/index.php on line 70, referer: http://localhost/Module2/lesson2/THCustomewList/
[Mon Apr 05 08:54:51.077805 2021] [php7:notice] [pid 1064] [client ::1:41368] PHP Notice:  Undefined index: profile in /var/www/html/Module2/lesson2/THCustomewList/index.php on line 70, referer: http://localhost/Module2/lesson2/THCustomewList/
